<?xml version="1.0" encoding="UTF-8"?>
<!-- Generated by org.testng.reporters.JUnitReportReporter -->
<testsuite name="com.hrm.scripts.LoginLogoutTest" tests="1" time="11.485" ignored="0" failures="0" timestamp="08 Apr 2017 01:52:05 GMT" skipped="0" hostname="LAPTOP-376KAIGH" errors="0">
  <testcase name="testAutoLoginLogout1" time="11.485" classname="com.hrm.scripts.LoginLogoutTest"/>
</testsuite> <!-- com.hrm.scripts.LoginLogoutTest -->
