<?xml version="1.0" encoding="UTF-8"?>
<!-- Generated by org.testng.reporters.JUnitReportReporter -->
<testsuite name="com.hrm.scripts.TestUserRoleLB" tests="1" time="11.106" ignored="0" failures="0" timestamp="08 Apr 2017 04:14:26 GMT" skipped="0" hostname="LAPTOP-376KAIGH" errors="0">
  <testcase name="verifyLB" time="11.106" classname="com.hrm.scripts.TestUserRoleLB"/>
</testsuite> <!-- com.hrm.scripts.TestUserRoleLB -->
