<?xml version="1.0" encoding="UTF-8"?>
<!-- Generated by org.testng.reporters.JUnitReportReporter -->
<testsuite name="com.hrm.scripts.TestLoginButton" tests="1" time="6.721" ignored="0" failures="0" timestamp="01 Apr 2017 12:42:27 GMT" skipped="0" hostname="LAPTOP-376KAIGH" errors="0">
  <testcase name="testLoginButton" time="6.721" classname="com.hrm.scripts.TestLoginButton"/>
</testsuite> <!-- com.hrm.scripts.TestLoginButton -->
