<?xml version="1.0" encoding="UTF-8"?>
<!-- Generated by org.testng.reporters.JUnitReportReporter -->
<testsuite name="com.hrm.scripts.TestSearchButton" tests="1" time="16.863" ignored="0" failures="0" timestamp="01 Apr 2017 11:56:26 GMT" skipped="0" hostname="LAPTOP-376KAIGH" errors="0">
  <testcase name="testSearchButton" time="16.863" classname="com.hrm.scripts.TestSearchButton"/>
</testsuite> <!-- com.hrm.scripts.TestSearchButton -->
