<?xml version="1.0" encoding="UTF-8"?>
<!-- Generated by org.testng.reporters.JUnitReportReporter -->
<testsuite skipped="0" hostname="bg4ws1176" name="com.hrm.scripts.TestAddDeleteEmployee" tests="1" failures="0" timestamp="14 Jun 2017 08:56:14 GMT" time="40.062" errors="0">
  <testcase name="testAddDeleteEmp" time="40.062" classname="com.hrm.scripts.TestAddDeleteEmployee"/>
</testsuite> <!-- com.hrm.scripts.TestAddDeleteEmployee -->
