<?xml version="1.0" encoding="UTF-8"?>
<!-- Generated by org.testng.reporters.JUnitReportReporter -->
<testsuite name="com.hrm.scripts.TestHideOptions" tests="1" time="10.878" ignored="0" failures="0" timestamp="08 Apr 2017 05:54:50 GMT" skipped="0" hostname="LAPTOP-376KAIGH" errors="0">
  <testcase name="testHideOptions" time="10.878" classname="com.hrm.scripts.TestHideOptions"/>
</testsuite> <!-- com.hrm.scripts.TestHideOptions -->
