<?xml version="1.0" encoding="UTF-8"?>
<!-- Generated by org.testng.reporters.JUnitReportReporter -->
<testsuite name="com.hrm.scripts.TestAddJob" tests="1" time="12.984" ignored="0" failures="0" timestamp="08 Apr 2017 12:26:42 GMT" skipped="0" hostname="LAPTOP-376KAIGH" errors="0">
  <testcase name="addJob" time="12.984" classname="com.hrm.scripts.TestAddJob"/>
</testsuite> <!-- com.hrm.scripts.TestAddJob -->
