<?xml version="1.0" encoding="UTF-8"?>
<!-- Generated by org.testng.reporters.JUnitReportReporter -->
<testsuite name="com.hrm.scripts.Test1" tests="1" time="11.847" ignored="0" failures="0" timestamp="03 Apr 2017 02:44:28 GMT" skipped="0" hostname="LAPTOP-376KAIGH" errors="0">
  <testcase name="testing" time="11.847" classname="com.hrm.scripts.Test1"/>
</testsuite> <!-- com.hrm.scripts.Test1 -->
